Initial activity log
Update: Wed Nov 26 23:59:56 UTC 2025
Update: Thu Nov 27 00:32:13 UTC 2025
Update: Thu Nov 27 07:05:42 UTC 2025
Update: Thu Nov 27 12:12:14 UTC 2025
Update: Fri Nov 28 00:31:22 UTC 2025
Update: Fri Nov 28 07:04:52 UTC 2025
Update: Fri Nov 28 12:12:02 UTC 2025
Update: Sat Nov 29 00:31:12 UTC 2025
Update: Sat Nov 29 07:04:24 UTC 2025
Update: Sat Nov 29 12:10:57 UTC 2025
Update: Sun Nov 30 00:36:43 UTC 2025
Update: Sun Nov 30 07:04:21 UTC 2025
Update: Sun Nov 30 12:10:57 UTC 2025
Update: Mon Dec  1 00:40:02 UTC 2025
Update: Mon Dec  1 07:06:27 UTC 2025
Update: Mon Dec  1 12:12:51 UTC 2025
Update: Tue Dec  2 00:33:01 UTC 2025
Update: Tue Dec  2 07:06:13 UTC 2025
Update: Tue Dec  2 12:12:25 UTC 2025
Update: Wed Dec  3 00:32:40 UTC 2025
Update: Wed Dec  3 07:06:02 UTC 2025
Update: Wed Dec  3 12:12:29 UTC 2025
Update: Thu Dec  4 00:33:17 UTC 2025
Update: Thu Dec  4 07:05:45 UTC 2025
Update: Thu Dec  4 12:12:40 UTC 2025
Update: Fri Dec  5 00:33:27 UTC 2025
Update: Fri Dec  5 07:05:31 UTC 2025
Update: Fri Dec  5 12:12:25 UTC 2025
Update: Sat Dec  6 00:31:54 UTC 2025
Update: Sat Dec  6 07:04:14 UTC 2025
Update: Sat Dec  6 12:10:46 UTC 2025
Update: Sun Dec  7 00:36:54 UTC 2025
Update: Sun Dec  7 07:04:39 UTC 2025
Update: Sun Dec  7 12:10:29 UTC 2025
Update: Mon Dec  8 00:33:39 UTC 2025
Update: Mon Dec  8 07:07:07 UTC 2025
Update: Mon Dec  8 12:12:40 UTC 2025
Update: Tue Dec  9 00:33:05 UTC 2025
Update: Tue Dec  9 07:06:10 UTC 2025
Update: Tue Dec  9 12:12:42 UTC 2025
Update: Wed Dec 10 00:33:53 UTC 2025
Update: Wed Dec 10 07:06:39 UTC 2025
